info it worked if it ends with ok
verbose cli [ 'node', '/usr/local/bin/npm', 'install', 'scrapper' ]
info using npm@1.1.16
info using node@v0.6.15
verbose config file /Users/charliemurphy07/.npmrc
verbose config file /usr/local/etc/npmrc
verbose config file /usr/local/lib/node_modules/npm/npmrc
verbose caching /Users/charliemurphy07/hubot/package.json
verbose loadDefaults hubot@2.1.4
verbose caching /Users/charliemurphy07/hubot/node_modules/coffee-script/package.json
verbose caching /Users/charliemurphy07/hubot/node_modules/connect_router/package.json
verbose caching /Users/charliemurphy07/hubot/node_modules/optparse/package.json
verbose caching /Users/charliemurphy07/hubot/node_modules/connect/package.json
verbose caching /Users/charliemurphy07/hubot/node_modules/log/package.json
verbose caching /Users/charliemurphy07/hubot/node_modules/scoped-http-client/package.json
verbose from cache /Users/charliemurphy07/hubot/package.json
verbose readDependencies: using package.json deps
verbose cache add [ 'scrapper', null ]
silly cache add: name, spec, args [ undefined, 'scrapper', [ 'scrapper', null ] ]
verbose parsed url { pathname: 'scrapper', path: 'scrapper', href: 'scrapper' }
verbose addNamed [ 'scrapper', '' ]
verbose addNamed [ null, '' ]
silly name, range, hasData [ 'scrapper', '', false ]
verbose raw, before any munging scrapper
verbose url resolving [ 'https://registry.npmjs.org/', './scrapper' ]
verbose url resolved https://registry.npmjs.org/scrapper
http GET https://registry.npmjs.org/scrapper
http 404 https://registry.npmjs.org/scrapper
silly get cb [ 404,
silly get cb   { server: 'CouchDB/1.2.0 (Erlang OTP/R15B)',
silly get cb     date: 'Fri, 13 Apr 2012 02:27:54 GMT',
silly get cb     'content-type': 'application/json',
silly get cb     'content-length': '52',
silly get cb     'cache-control': 'must-revalidate' } ]
ERR! 404 'scrapper' is not in the npm registry.
ERR! 404 You should bug the author to publish it
ERR! 404 Note that you can also install from a
ERR! 404 tarball, folder, or http url, or git url.
ERR! 
ERR! System Darwin 11.3.0
ERR! command "node" "/usr/local/bin/npm" "install" "scrapper"
ERR! cwd /Users/charliemurphy07/hubot
ERR! node -v v0.6.15
ERR! npm -v 1.1.16
ERR! code E404
ERR! message 404 Not Found: scrapper
ERR! errno {}
verbose exit [ 1, true ]
